вздыхать и думать про себя
его пример другим наука
ему подушки поправлять
и лучше выдумать не мог
какое низкое коварство
когда же черт возьмет тебя
когда не в шутку занемог
мой дядя самых честных правил
не отходя ни шагу прочь
но боже мой какая скука
он уважать себя заставил
печально подносить лекарство
полуживого забавлять
с больным сидеть и день и ночь
его пример другим наука
но боже мой какая скука
и лучше выдумать не мог
когда не в шутку занемог
мой дядя самых честных правил
он уважать себя заставил
какое низкое коварство
печально подносить лекарство
полуживого забавлять
ему подушки поправлять
с больным сидеть и день и ночь
не отходя ни шагу прочь
вздыхать и думать про себя
когда же черт возьмет тебя
«Мой дядя самых честных правил,
Когда не в шутку занемог,
Он уважать себя заставил
И лучше выдумать не мог.
Его пример другим наука;
Но, боже мой, какая скука
С больным сидеть и день и ночь,
Не отходя ни шагу прочь!
Какое низкое коварство
Полуживого забавлять,
Ему подушки поправлять,
Печально подносить лекарство,
Вздыхать и думать про себя:
Когда же черт возьмет тебя!»